

Microchip MPLAB XC8 Assembler V2.45 build 20230818022343 
                                                                                               Tue Nov 14 17:39:14 2023

Microchip MPLAB XC8 C Compiler v2.45 (Free license) build 20230818022343 Og1 
     1                           	processor	18F4620
     2                           	fnconf	rparam,??,?,0
     3                           	pagewidth 120
     4                           	opt	flic
     5                           	psect	idataCOMRAM,global,class=CODE,delta=1,noexec
     6                           	psect	smallconst,global,reloc=2,class=SMALLCONST,delta=1,noexec
     7                           	psect	cinit,global,reloc=2,class=CODE,delta=1
     8                           	psect	bssCOMRAM,global,class=COMRAM,space=1,delta=1,lowdata,noexec
     9                           	psect	dataCOMRAM,global,class=COMRAM,space=1,delta=1,lowdata,noexec
    10                           	psect	cstackCOMRAM,global,class=COMRAM,space=1,delta=1,lowdata,noexec
    11                           	psect	text0,global,reloc=2,class=CODE,delta=1
    12                           	psect	text1,global,reloc=2,class=CODE,delta=1
    13                           	psect	text2,global,reloc=2,class=CODE,delta=1
    14                           	psect	text3,global,reloc=2,class=CODE,delta=1
    15                           	psect	text4,global,reloc=2,class=CODE,delta=1
    16                           	psect	text5,global,reloc=2,class=CODE,delta=1
    17                           	psect	text6,global,reloc=2,class=CODE,delta=1
    18                           	psect	intsave_regs,global,class=BIGRAM,space=1,delta=1,noexec
    19                           	psect	rparam,global,class=COMRAM,space=1,delta=1,noexec
    20                           	psect	config,global,abs,ovrld,class=CONFIG,space=4,delta=1,noexec
    21   000000                     
    22                           ; Generated 23/03/2023 GMT
    23                           ; 
    24                           ; Copyright © 2023, Microchip Technology Inc. and its subsidiaries ("Microchip")
    25                           ; All rights reserved.
    26                           ; 
    27                           ; This software is developed by Microchip Technology Inc. and its subsidiaries ("Microch
      +                          ip").
    28                           ; 
    29                           ; Redistribution and use in source and binary forms, with or without modification, are
    30                           ; permitted provided that the following conditions are met:
    31                           ; 
    32                           ;     1. Redistributions of source code must retain the above copyright notice, this lis
      +                          t of
    33                           ;        conditions and the following disclaimer.
    34                           ; 
    35                           ;     2. Redistributions in binary form must reproduce the above copyright notice, this 
      +                          list
    36                           ;        of conditions and the following disclaimer in the documentation and/or other
    37                           ;        materials provided with the distribution. Publication is not required when
    38                           ;        this file is used in an embedded application.
    39                           ; 
    40                           ;     3. Microchip's name may not be used to endorse or promote products derived from th
      +                          is
    41                           ;        software without specific prior written permission.
    42                           ; 
    43                           ; THIS SOFTWARE IS PROVIDED BY MICROCHIP "AS IS" AND ANY EXPRESS OR IMPLIED WARRANTIES,
    44                           ; INCLUDING, BUT NOT LIMITED TO, THE IMPLIED WARRANTIES OF MERCHANTABILITY AND FITNESS F
      +                          OR
    45                           ; PURPOSE ARE DISCLAIMED.  IN NO EVENT SHALL MICROCHIP BE LIABLE FOR ANY DIRECT, INDIREC
      +                          T,
    46                           ; INCIDENTAL, SPECIAL, EXEMPLARY, OR CONSEQUENTIAL DAMAGES (INCLUDING BUT NOT LIMITED TO
    47                           ; PROCUREMENT OF SUBSTITUTE GOODS OR SERVICES; LOSS OF USE, DATA OR PROFITS; OR BUSINESS
    48                           ; INTERRUPTION) HOWSOEVER CAUSED AND ON ANY THEORY OF LIABILITY, WHETHER IN CONTRACT, ST
      +                          RICT
    49                           ; LIABILITY, OR TORT (INCLUDING NEGLIGENCE OR OTHERWISE) ARISING IN ANY WAY OUT OF THE U
      +                          SE OF
    50                           ; THIS SOFTWARE, EVEN IF ADVISED OF THE POSSIBILITY OF SUCH DAMAGE.
    51                           ; 
    52                           ; 
    53                           ; Code-generator required, PIC18F4620 Definitions
    54                           ; 
    55                           ; SFR Addresses
    56   000000                     
    57                           	psect	idataCOMRAM
    58   00138C                     __pidataCOMRAM:
    59                           	callstack 0
    60                           
    61                           ;initializer for _port_registers
    62   00138C  80                 	db	128
    63   00138D  0F                 	db	15
    64   00138E  81                 	db	129
    65   00138F  0F                 	db	15
    66   001390  82                 	db	130
    67   001391  0F                 	db	15
    68   001392  83                 	db	131
    69   001393  0F                 	db	15
    70   001394  84                 	db	132
    71   001395  0F                 	db	15
    72                           
    73                           ;initializer for _lat_registers
    74   001396  89                 	db	137
    75   001397  0F                 	db	15
    76   001398  8A                 	db	138
    77   001399  0F                 	db	15
    78   00139A  8B                 	db	139
    79   00139B  0F                 	db	15
    80   00139C  8C                 	db	140
    81   00139D  0F                 	db	15
    82   00139E  8D                 	db	141
    83   00139F  0F                 	db	15
    84                           
    85                           ;initializer for _tris_registers
    86   0013A0  92                 	db	146
    87   0013A1  0F                 	db	15
    88   0013A2  93                 	db	147
    89   0013A3  0F                 	db	15
    90   0013A4  94                 	db	148
    91   0013A5  0F                 	db	15
    92   0013A6  95                 	db	149
    93   0013A7  0F                 	db	15
    94   0013A8  96                 	db	150
    95   0013A9  0F                 	db	15
    96                           
    97                           ;initializer for _lcd_2
    98   0013AA  32                 	db	50
    99   0013AB  3A                 	db	58
   100   0013AC  03                 	db	3
   101   0013AD  0B                 	db	11
   102   0013AE  13                 	db	19
   103   0013AF  1B                 	db	27
   104   0013B0  23                 	db	35
   105   0013B1  2B                 	db	43
   106   0013B2  33                 	db	51
   107   0013B3  3B                 	db	59
   108                           
   109                           ;initializer for _lcd_1
   110   0013B4  02                 	db	2
   111   0013B5  0A                 	db	10
   112   0013B6  12                 	db	18
   113   0013B7  1A                 	db	26
   114   0013B8  22                 	db	34
   115   0013B9  2A                 	db	42
   116                           
   117                           	psect	smallconst
   118   001000                     __psmallconst:
   119                           	callstack 0
   120   001000  00                 	db	0
   121   001001                     _btn_values:
   122                           	callstack 0
   123   001001  37                 	db	55
   124   001002  38                 	db	56
   125   001003  39                 	db	57
   126   001004  2F                 	db	47
   127   001005  34                 	db	52
   128   001006  35                 	db	53
   129   001007  36                 	db	54
   130   001008  2A                 	db	42
   131   001009  31                 	db	49
   132   00100A  32                 	db	50
   133   00100B  33                 	db	51
   134   00100C  2D                 	db	45
   135   00100D  23                 	db	35
   136   00100E  30                 	db	48
   137   00100F  3D                 	db	61
   138   001010  2B                 	db	43
   139   001011                     __end_of_btn_values:
   140                           	callstack 0
   141   000000                     _PORTE	set	3972
   142   000000                     _PORTD	set	3971
   143   000000                     _PORTC	set	3970
   144   000000                     _PORTB	set	3969
   145   000000                     _PORTA	set	3968
   146   000000                     _LATA	set	3977
   147   000000                     _TRISA	set	3986
   148   000000                     _TRISE	set	3990
   149   000000                     _TRISD	set	3989
   150   000000                     _TRISC	set	3988
   151   000000                     _TRISB	set	3987
   152   000000                     _LATE	set	3981
   153   000000                     _LATD	set	3980
   154   000000                     _LATC	set	3979
   155   000000                     _LATB	set	3978
   156   001011  00                 	db	0	; dummy byte at the end
   157   000000                     
   158                           ; #config settings
   159                           
   160                           	psect	cinit
   161   001356                     __pcinit:
   162                           	callstack 0
   163   001356                     start_initialization:
   164                           	callstack 0
   165   001356                     __initialization:
   166                           	callstack 0
   167                           
   168                           ; Initialize objects allocated to COMRAM (46 bytes)
   169                           ; load TBLPTR registers with __pidataCOMRAM
   170   001356  0E8C               	movlw	low __pidataCOMRAM
   171   001358  6EF6               	movwf	tblptrl,c
   172   00135A  0E13               	movlw	high __pidataCOMRAM
   173   00135C  6EF7               	movwf	tblptrh,c
   174   00135E  0E00               	movlw	low (__pidataCOMRAM shr (0+16))
   175   001360  6EF8               	movwf	tblptru,c
   176   001362  EE00  F001         	lfsr	0,__pdataCOMRAM
   177   001366  EE10 F02E          	lfsr	1,46
   178   00136A                     copy_data0:
   179   00136A  0009               	tblrd		*+
   180   00136C  CFF5 FFEE          	movff	tablat,postinc0
   181   001370  50E5               	movf	postdec1,w,c
   182   001372  50E1               	movf	fsr1l,w,c
   183   001374  E1FA               	bnz	copy_data0
   184                           
   185                           ; Clear objects allocated to COMRAM (7 bytes)
   186   001376  EE00  F03D         	lfsr	0,__pbssCOMRAM
   187   00137A  0E07               	movlw	7
   188   00137C                     clear_0:
   189   00137C  6AEE               	clrf	postinc0,c
   190   00137E  06E8               	decf	wreg,f,c
   191   001380  E1FD               	bnz	clear_0
   192   001382                     end_of_initialization:
   193                           	callstack 0
   194   001382                     __end_of__initialization:
   195                           	callstack 0
   196   001382  0E00               	movlw	low (__Lmediumconst shr (0+16))
   197   001384  6EF8               	movwf	tblptru,c
   198   001386  0100               	movlb	0
   199   001388  EFE6  F009         	goto	_main	;jump to C main() function
   200                           
   201                           	psect	bssCOMRAM
   202   00003D                     __pbssCOMRAM:
   203                           	callstack 0
   204   00003D                     relay_turn_off@F2895:
   205                           	callstack 0
   206   00003D                     	ds	1
   207   00003E                     relay_turn_on@F2890:
   208                           	callstack 0
   209   00003E                     	ds	1
   210   00003F                     relay_initialize@F2885:
   211                           	callstack 0
   212   00003F                     	ds	1
   213   000040                     led_turn_toggle@F2906:
   214                           	callstack 0
   215   000040                     	ds	1
   216   000041                     led_turn_off@F2901:
   217                           	callstack 0
   218   000041                     	ds	1
   219   000042                     led_turn_on@F2896:
   220                           	callstack 0
   221   000042                     	ds	1
   222   000043                     led_initialize@F2891:
   223                           	callstack 0
   224   000043                     	ds	1
   225                           
   226                           	psect	dataCOMRAM
   227   000001                     __pdataCOMRAM:
   228                           	callstack 0
   229   000001                     _port_registers:
   230                           	callstack 0
   231   000001                     	ds	10
   232   00000B                     _lat_registers:
   233                           	callstack 0
   234   00000B                     	ds	10
   235   000015                     _tris_registers:
   236                           	callstack 0
   237   000015                     	ds	10
   238   00001F                     _lcd_2:
   239                           	callstack 0
   240   00001F                     	ds	10
   241   000029                     _lcd_1:
   242                           	callstack 0
   243   000029                     	ds	6
   244                           
   245                           	psect	cstackCOMRAM
   246   00002F                     __pcstackCOMRAM:
   247                           	callstack 0
   248   00002F                     gpio_pin_direction_intialize@_pin_config:
   249                           	callstack 0
   250   00002F                     gpio_pin_write_logic@_pin_config:
   251                           	callstack 0
   252                           
   253                           ; 1 bytes @ 0x0
   254   00002F                     	ds	1
   255   000030                     ??_gpio_pin_direction_intialize:
   256   000030                     gpio_pin_write_logic@logic:
   257                           	callstack 0
   258                           
   259                           ; 1 bytes @ 0x1
   260   000030                     	ds	1
   261   000031                     ??_gpio_pin_write_logic:
   262                           
   263                           ; 1 bytes @ 0x2
   264   000031                     	ds	4
   265   000035                     gpio_pin_direction_intialize@ret:
   266                           	callstack 0
   267                           
   268                           ; 1 bytes @ 0x6
   269   000035                     	ds	1
   270   000036                     gpio_pin_write_logic@ret:
   271                           	callstack 0
   272                           
   273                           ; 1 bytes @ 0x7
   274   000036                     	ds	1
   275   000037                     gpio_pin_intialize@_pin_config:
   276                           	callstack 0
   277                           
   278                           ; 1 bytes @ 0x8
   279   000037                     	ds	1
   280   000038                     ??_gpio_pin_intialize:
   281                           
   282                           ; 1 bytes @ 0x9
   283   000038                     	ds	1
   284   000039                     gpio_pin_intialize@ret:
   285                           	callstack 0
   286                           
   287                           ; 1 bytes @ 0xA
   288   000039                     	ds	1
   289   00003A                     lcd_4bit_initialize@_lcd_:
   290                           	callstack 0
   291   00003A                     lcd_8bit_initialize@_lcd_:
   292                           	callstack 0
   293                           
   294                           ; 1 bytes @ 0xB
   295   00003A                     	ds	1
   296   00003B                     lcd_4bit_initialize@ret:
   297                           	callstack 0
   298   00003B                     lcd_8bit_initialize@ret:
   299                           	callstack 0
   300                           
   301                           ; 1 bytes @ 0xC
   302   00003B                     	ds	1
   303   00003C                     lcd_4bit_initialize@l_data_pins_counter:
   304                           	callstack 0
   305   00003C                     lcd_8bit_initialize@l_data_pins_counter:
   306                           	callstack 0
   307                           
   308                           ; 1 bytes @ 0xD
   309   00003C                     	ds	1
   310   00003D                     
   311                           ; 1 bytes @ 0xE
   312 ;;
   313 ;;Main: autosize = 0, tempsize = 0, incstack = 0, save=0
   314 ;;
   315 ;; *************** function _main *****************
   316 ;; Defined at:
   317 ;;		line 98 in file "application.c"
   318 ;; Parameters:    Size  Location     Type
   319 ;;		None
   320 ;; Auto vars:     Size  Location     Type
   321 ;;  ret             1    0        unsigned char 
   322 ;; Return value:  Size  Location     Type
   323 ;;                  2  282[None  ] int 
   324 ;; Registers used:
   325 ;;		wreg, fsr2l, fsr2h, status,2, status,0, prodl, prodh, cstack
   326 ;; Tracked objects:
   327 ;;		On entry : 0/0
   328 ;;		On exit  : 0/0
   329 ;;		Unchanged: 0/0
   330 ;; Data sizes:     COMRAM   BANK0   BANK1   BANK2   BANK3   BANK4   BANK5   BANK6   BANK7   BANK8   BANK9  BANK10  BANK1
      +1  BANK12  BANK13  BANK14  BANK15
   331 ;;      Params:         0       0       0       0       0       0       0       0       0       0       0       0       
      +0       0       0       0       0
   332 ;;      Locals:         0       0       0       0       0       0       0       0       0       0       0       0       
      +0       0       0       0       0
   333 ;;      Temps:          0       0       0       0       0       0       0       0       0       0       0       0       
      +0       0       0       0       0
   334 ;;      Totals:         0       0       0       0       0       0       0       0       0       0       0       0       
      +0       0       0       0       0
   335 ;;Total ram usage:        0 bytes
   336 ;; Hardware stack levels required when called: 4
   337 ;; This function calls:
   338 ;;		_application_intialize
   339 ;; This function is called by:
   340 ;;		Startup code after reset
   341 ;; This function uses a non-reentrant model
   342 ;;
   343                           
   344                           	psect	text0
   345   0013CC                     __ptext0:
   346                           	callstack 0
   347   0013CC                     _main:
   348                           	callstack 27
   349   0013CC                     
   350                           ;application.c: 100:     application_intialize();
   351   0013CC  ECDD  F009         	call	_application_intialize	;wreg free
   352   0013D0                     l283:
   353   0013D0  EFE8  F009         	goto	l283
   354   0013D4  EF00  F000         	goto	start
   355   0013D8                     __end_of_main:
   356                           	callstack 0
   357                           
   358 ;; *************** function _application_intialize *****************
   359 ;; Defined at:
   360 ;;		line 111 in file "application.c"
   361 ;; Parameters:    Size  Location     Type
   362 ;;		None
   363 ;; Auto vars:     Size  Location     Type
   364 ;;  ret             1    0        unsigned char 
   365 ;; Return value:  Size  Location     Type
   366 ;;                  1    wreg      void 
   367 ;; Registers used:
   368 ;;		wreg, fsr2l, fsr2h, status,2, status,0, prodl, prodh, cstack
   369 ;; Tracked objects:
   370 ;;		On entry : 0/0
   371 ;;		On exit  : 0/0
   372 ;;		Unchanged: 0/0
   373 ;; Data sizes:     COMRAM   BANK0   BANK1   BANK2   BANK3   BANK4   BANK5   BANK6   BANK7   BANK8   BANK9  BANK10  BANK1
      +1  BANK12  BANK13  BANK14  BANK15
   374 ;;      Params:         0       0       0       0       0       0       0       0       0       0       0       0       
      +0       0       0       0       0
   375 ;;      Locals:         0       0       0       0       0       0       0       0       0       0       0       0       
      +0       0       0       0       0
   376 ;;      Temps:          0       0       0       0       0       0       0       0       0       0       0       0       
      +0       0       0       0       0
   377 ;;      Totals:         0       0       0       0       0       0       0       0       0       0       0       0       
      +0       0       0       0       0
   378 ;;Total ram usage:        0 bytes
   379 ;; Hardware stack levels used: 1
   380 ;; Hardware stack levels required when called: 3
   381 ;; This function calls:
   382 ;;		_lcd_4bit_initialize
   383 ;;		_lcd_8bit_initialize
   384 ;; This function is called by:
   385 ;;		_main
   386 ;; This function uses a non-reentrant model
   387 ;;
   388                           
   389                           	psect	text1
   390   0013BA                     __ptext1:
   391                           	callstack 0
   392   0013BA                     _application_intialize:
   393                           	callstack 27
   394   0013BA  0E29               	movlw	low _lcd_1
   395   0013BC  6E3A               	movwf	lcd_4bit_initialize@_lcd_^0,c
   396   0013BE  EC7F  F009         	call	_lcd_4bit_initialize	;wreg free
   397   0013C2  0E1F               	movlw	low _lcd_2
   398   0013C4  6E3A               	movwf	lcd_8bit_initialize@_lcd_^0,c
   399   0013C6  EC53  F009         	call	_lcd_8bit_initialize	;wreg free
   400   0013CA  0012               	return		;funcret
   401   0013CC                     __end_of_application_intialize:
   402                           	callstack 0
   403                           
   404 ;; *************** function _lcd_8bit_initialize *****************
   405 ;; Defined at:
   406 ;;		line 191 in file "ECU_Layer/LCD/ecu_lcd.c"
   407 ;; Parameters:    Size  Location     Type
   408 ;;  _lcd_           1   11[COMRAM] PTR const struct .
   409 ;;		 -> lcd_2(10), 
   410 ;; Auto vars:     Size  Location     Type
   411 ;;  l_data_pins_    1   13[COMRAM] unsigned char 
   412 ;;  ret             1   12[COMRAM] unsigned char 
   413 ;; Return value:  Size  Location     Type
   414 ;;                  1    wreg      unsigned char 
   415 ;; Registers used:
   416 ;;		wreg, fsr2l, fsr2h, status,2, status,0, prodl, prodh, cstack
   417 ;; Tracked objects:
   418 ;;		On entry : 0/0
   419 ;;		On exit  : 0/0
   420 ;;		Unchanged: 0/0
   421 ;; Data sizes:     COMRAM   BANK0   BANK1   BANK2   BANK3   BANK4   BANK5   BANK6   BANK7   BANK8   BANK9  BANK10  BANK1
      +1  BANK12  BANK13  BANK14  BANK15
   422 ;;      Params:         1       0       0       0       0       0       0       0       0       0       0       0       
      +0       0       0       0       0
   423 ;;      Locals:         2       0       0       0       0       0       0       0       0       0       0       0       
      +0       0       0       0       0
   424 ;;      Temps:          0       0       0       0       0       0       0       0       0       0       0       0       
      +0       0       0       0       0
   425 ;;      Totals:         3       0       0       0       0       0       0       0       0       0       0       0       
      +0       0       0       0       0
   426 ;;Total ram usage:        3 bytes
   427 ;; Hardware stack levels used: 1
   428 ;; Hardware stack levels required when called: 2
   429 ;; This function calls:
   430 ;;		_gpio_pin_intialize
   431 ;; This function is called by:
   432 ;;		_application_intialize
   433 ;; This function uses a non-reentrant model
   434 ;;
   435                           
   436                           	psect	text2
   437   0012A6                     __ptext2:
   438                           	callstack 0
   439   0012A6                     _lcd_8bit_initialize:
   440                           	callstack 27
   441   0012A6                     
   442                           ;ECU_Layer/LCD/ecu_lcd.c: 193:     uint8 l_data_pins_counter = 0;
   443   0012A6  0E00               	movlw	0
   444   0012A8  6E3C               	movwf	lcd_8bit_initialize@l_data_pins_counter^0,c
   445                           
   446                           ;ECU_Layer/LCD/ecu_lcd.c: 194:     if(((void*)0) == _lcd_){
   447   0012AA  503A               	movf	lcd_8bit_initialize@_lcd_^0,w,c
   448   0012AC  A4D8               	btfss	status,2,c
   449   0012AE  EF5B  F009         	goto	u981
   450   0012B2  EF5D  F009         	goto	u980
   451   0012B6                     u981:
   452   0012B6  EF61  F009         	goto	l1766
   453   0012BA                     u980:
   454   0012BA                     
   455                           ;ECU_Layer/LCD/ecu_lcd.c: 195:         ret = (Std_ReturnType)0x00;
   456   0012BA  0E00               	movlw	0
   457   0012BC  6E3B               	movwf	lcd_8bit_initialize@ret^0,c
   458                           
   459                           ;ECU_Layer/LCD/ecu_lcd.c: 196:     }
   460   0012BE  EF7D  F009         	goto	l1780
   461   0012C2                     l1766:
   462                           
   463                           ;ECU_Layer/LCD/ecu_lcd.c: 198:         ret = gpio_pin_intialize(&(_lcd_->lcd_rs));
   464   0012C2  C03A  F037         	movff	lcd_8bit_initialize@_lcd_,gpio_pin_intialize@_pin_config
   465   0012C6  EC24  F009         	call	_gpio_pin_intialize	;wreg free
   466   0012CA  6E3B               	movwf	lcd_8bit_initialize@ret^0,c
   467                           
   468                           ;ECU_Layer/LCD/ecu_lcd.c: 199:         ret = gpio_pin_intialize(&(_lcd_->lcd_en));
   469   0012CC  283A               	incf	lcd_8bit_initialize@_lcd_^0,w,c
   470   0012CE  6E37               	movwf	gpio_pin_intialize@_pin_config^0,c
   471   0012D0  EC24  F009         	call	_gpio_pin_intialize	;wreg free
   472   0012D4  6E3B               	movwf	lcd_8bit_initialize@ret^0,c
   473   0012D6                     
   474                           ;ECU_Layer/LCD/ecu_lcd.c: 200:         for(l_data_pins_counter = 0 ; l_data_pins_counter
      +                          <8 ; l_data_pins_counter++){
   475   0012D6  0E00               	movlw	0
   476   0012D8  6E3C               	movwf	lcd_8bit_initialize@l_data_pins_counter^0,c
   477   0012DA                     l1774:
   478                           
   479                           ;ECU_Layer/LCD/ecu_lcd.c: 201:             ret = gpio_pin_intialize(&(_lcd_->lcd_data[l_
      +                          data_pins_counter]));
   480   0012DA  503A               	movf	lcd_8bit_initialize@_lcd_^0,w,c
   481   0012DC  243C               	addwf	lcd_8bit_initialize@l_data_pins_counter^0,w,c
   482   0012DE  0F02               	addlw	2
   483   0012E0  6E37               	movwf	gpio_pin_intialize@_pin_config^0,c
   484   0012E2  EC24  F009         	call	_gpio_pin_intialize	;wreg free
   485   0012E6  6E3B               	movwf	lcd_8bit_initialize@ret^0,c
   486   0012E8                     
   487                           ;ECU_Layer/LCD/ecu_lcd.c: 202:         }
   488   0012E8  2A3C               	incf	lcd_8bit_initialize@l_data_pins_counter^0,f,c
   489   0012EA  0E07               	movlw	7
   490   0012EC  643C               	cpfsgt	lcd_8bit_initialize@l_data_pins_counter^0,c
   491   0012EE  EF7B  F009         	goto	u991
   492   0012F2  EF7D  F009         	goto	u990
   493   0012F6                     u991:
   494   0012F6  EF6D  F009         	goto	l1774
   495   0012FA                     u990:
   496   0012FA                     l1780:
   497                           
   498                           ;ECU_Layer/LCD/ecu_lcd.c: 206:     return ret;
   499   0012FA  503B               	movf	lcd_8bit_initialize@ret^0,w,c
   500   0012FC  0012               	return		;funcret
   501   0012FE                     __end_of_lcd_8bit_initialize:
   502                           	callstack 0
   503                           
   504 ;; *************** function _lcd_4bit_initialize *****************
   505 ;; Defined at:
   506 ;;		line 23 in file "ECU_Layer/LCD/ecu_lcd.c"
   507 ;; Parameters:    Size  Location     Type
   508 ;;  _lcd_           1   11[COMRAM] PTR const struct .
   509 ;;		 -> lcd_1(6), 
   510 ;; Auto vars:     Size  Location     Type
   511 ;;  l_data_pins_    1   13[COMRAM] unsigned char 
   512 ;;  ret             1   12[COMRAM] unsigned char 
   513 ;; Return value:  Size  Location     Type
   514 ;;                  1    wreg      unsigned char 
   515 ;; Registers used:
   516 ;;		wreg, fsr2l, fsr2h, status,2, status,0, prodl, prodh, cstack
   517 ;; Tracked objects:
   518 ;;		On entry : 0/0
   519 ;;		On exit  : 0/0
   520 ;;		Unchanged: 0/0
   521 ;; Data sizes:     COMRAM   BANK0   BANK1   BANK2   BANK3   BANK4   BANK5   BANK6   BANK7   BANK8   BANK9  BANK10  BANK1
      +1  BANK12  BANK13  BANK14  BANK15
   522 ;;      Params:         1       0       0       0       0       0       0       0       0       0       0       0       
      +0       0       0       0       0
   523 ;;      Locals:         2       0       0       0       0       0       0       0       0       0       0       0       
      +0       0       0       0       0
   524 ;;      Temps:          0       0       0       0       0       0       0       0       0       0       0       0       
      +0       0       0       0       0
   525 ;;      Totals:         3       0       0       0       0       0       0       0       0       0       0       0       
      +0       0       0       0       0
   526 ;;Total ram usage:        3 bytes
   527 ;; Hardware stack levels used: 1
   528 ;; Hardware stack levels required when called: 2
   529 ;; This function calls:
   530 ;;		_gpio_pin_intialize
   531 ;; This function is called by:
   532 ;;		_application_intialize
   533 ;; This function uses a non-reentrant model
   534 ;;
   535                           
   536                           	psect	text3
   537   0012FE                     __ptext3:
   538                           	callstack 0
   539   0012FE                     _lcd_4bit_initialize:
   540                           	callstack 27
   541   0012FE                     
   542                           ;ECU_Layer/LCD/ecu_lcd.c: 25:     uint8 l_data_pins_counter = 0;
   543   0012FE  0E00               	movlw	0
   544   001300  6E3C               	movwf	lcd_4bit_initialize@l_data_pins_counter^0,c
   545                           
   546                           ;ECU_Layer/LCD/ecu_lcd.c: 26:     if(((void*)0) == _lcd_){
   547   001302  503A               	movf	lcd_4bit_initialize@_lcd_^0,w,c
   548   001304  A4D8               	btfss	status,2,c
   549   001306  EF87  F009         	goto	u961
   550   00130A  EF89  F009         	goto	u960
   551   00130E                     u961:
   552   00130E  EF8D  F009         	goto	l1744
   553   001312                     u960:
   554   001312                     
   555                           ;ECU_Layer/LCD/ecu_lcd.c: 27:         ret = (Std_ReturnType)0x00;
   556   001312  0E00               	movlw	0
   557   001314  6E3B               	movwf	lcd_4bit_initialize@ret^0,c
   558                           
   559                           ;ECU_Layer/LCD/ecu_lcd.c: 28:     }
   560   001316  EFA9  F009         	goto	l1758
   561   00131A                     l1744:
   562                           
   563                           ;ECU_Layer/LCD/ecu_lcd.c: 30:         ret = gpio_pin_intialize(&(_lcd_->lcd_rs));
   564   00131A  C03A  F037         	movff	lcd_4bit_initialize@_lcd_,gpio_pin_intialize@_pin_config
   565   00131E  EC24  F009         	call	_gpio_pin_intialize	;wreg free
   566   001322  6E3B               	movwf	lcd_4bit_initialize@ret^0,c
   567                           
   568                           ;ECU_Layer/LCD/ecu_lcd.c: 31:         ret = gpio_pin_intialize(&(_lcd_->lcd_en));
   569   001324  283A               	incf	lcd_4bit_initialize@_lcd_^0,w,c
   570   001326  6E37               	movwf	gpio_pin_intialize@_pin_config^0,c
   571   001328  EC24  F009         	call	_gpio_pin_intialize	;wreg free
   572   00132C  6E3B               	movwf	lcd_4bit_initialize@ret^0,c
   573   00132E                     
   574                           ;ECU_Layer/LCD/ecu_lcd.c: 32:         for(l_data_pins_counter = 0 ; l_data_pins_counter<
      +                          4 ; l_data_pins_counter++){
   575   00132E  0E00               	movlw	0
   576   001330  6E3C               	movwf	lcd_4bit_initialize@l_data_pins_counter^0,c
   577   001332                     l1752:
   578                           
   579                           ;ECU_Layer/LCD/ecu_lcd.c: 33:             ret = gpio_pin_intialize(&(_lcd_->lcd_data[l_d
      +                          ata_pins_counter]));
   580   001332  503A               	movf	lcd_4bit_initialize@_lcd_^0,w,c
   581   001334  243C               	addwf	lcd_4bit_initialize@l_data_pins_counter^0,w,c
   582   001336  0F02               	addlw	2
   583   001338  6E37               	movwf	gpio_pin_intialize@_pin_config^0,c
   584   00133A  EC24  F009         	call	_gpio_pin_intialize	;wreg free
   585   00133E  6E3B               	movwf	lcd_4bit_initialize@ret^0,c
   586   001340                     
   587                           ;ECU_Layer/LCD/ecu_lcd.c: 34:         }
   588   001340  2A3C               	incf	lcd_4bit_initialize@l_data_pins_counter^0,f,c
   589   001342  0E03               	movlw	3
   590   001344  643C               	cpfsgt	lcd_4bit_initialize@l_data_pins_counter^0,c
   591   001346  EFA7  F009         	goto	u971
   592   00134A  EFA9  F009         	goto	u970
   593   00134E                     u971:
   594   00134E  EF99  F009         	goto	l1752
   595   001352                     u970:
   596   001352                     l1758:
   597                           
   598                           ;ECU_Layer/LCD/ecu_lcd.c: 38:     return ret;
   599   001352  503B               	movf	lcd_4bit_initialize@ret^0,w,c
   600   001354  0012               	return		;funcret
   601   001356                     __end_of_lcd_4bit_initialize:
   602                           	callstack 0
   603                           
   604 ;; *************** function _gpio_pin_intialize *****************
   605 ;; Defined at:
   606 ;;		line 54 in file "MCAL_Layer/GPIO/hel_gpio.c"
   607 ;; Parameters:    Size  Location     Type
   608 ;;  _pin_config     1    8[COMRAM] PTR const struct .
   609 ;;		 -> lcd_2$lcd_data(8), lcd_2(10), lcd_1$lcd_data(4), lcd_1(6), 
   610 ;;		 -> relay_initialize@pin_obj(1), led_initialize@pin_obj(1), 
   611 ;; Auto vars:     Size  Location     Type
   612 ;;  ret             1   10[COMRAM] unsigned char 
   613 ;; Return value:  Size  Location     Type
   614 ;;                  1    wreg      unsigned char 
   615 ;; Registers used:
   616 ;;		wreg, fsr2l, fsr2h, status,2, status,0, prodl, prodh, cstack
   617 ;; Tracked objects:
   618 ;;		On entry : 0/0
   619 ;;		On exit  : 0/0
   620 ;;		Unchanged: 0/0
   621 ;; Data sizes:     COMRAM   BANK0   BANK1   BANK2   BANK3   BANK4   BANK5   BANK6   BANK7   BANK8   BANK9  BANK10  BANK1
      +1  BANK12  BANK13  BANK14  BANK15
   622 ;;      Params:         1       0       0       0       0       0       0       0       0       0       0       0       
      +0       0       0       0       0
   623 ;;      Locals:         1       0       0       0       0       0       0       0       0       0       0       0       
      +0       0       0       0       0
   624 ;;      Temps:          1       0       0       0       0       0       0       0       0       0       0       0       
      +0       0       0       0       0
   625 ;;      Totals:         3       0       0       0       0       0       0       0       0       0       0       0       
      +0       0       0       0       0
   626 ;;Total ram usage:        3 bytes
   627 ;; Hardware stack levels used: 1
   628 ;; Hardware stack levels required when called: 1
   629 ;; This function calls:
   630 ;;		_gpio_pin_direction_intialize
   631 ;;		_gpio_pin_write_logic
   632 ;; This function is called by:
   633 ;;		_lcd_4bit_initialize
   634 ;;		_lcd_8bit_initialize
   635 ;;		_seven_segment_intialize
   636 ;;		_dc_motor_initialize
   637 ;;		_keypad_initialize
   638 ;;		_led_initialize
   639 ;;		_relay_initialize
   640 ;; This function uses a non-reentrant model
   641 ;;
   642                           
   643                           	psect	text4
   644   001248                     __ptext4:
   645                           	callstack 0
   646   001248                     _gpio_pin_intialize:
   647                           	callstack 27
   648   001248                     
   649                           ;MCAL_Layer/GPIO/hel_gpio.c: 56:     if(((void*)0) == _pin_config || _pin_config->pin > 
      +                          8 -1){
   650   001248  5037               	movf	gpio_pin_intialize@_pin_config^0,w,c
   651   00124A  B4D8               	btfsc	status,2,c
   652   00124C  EF2A  F009         	goto	u941
   653   001250  EF2C  F009         	goto	u940
   654   001254                     u941:
   655   001254  EF3C  F009         	goto	l1732
   656   001258                     u940:
   657   001258  5037               	movf	gpio_pin_intialize@_pin_config^0,w,c
   658   00125A  6ED9               	movwf	fsr2l,c
   659   00125C  6ADA               	clrf	fsr2h,c
   660   00125E  30DF               	rrcf	223,w,c
   661   001260  32E8               	rrcf	wreg,f,c
   662   001262  32E8               	rrcf	wreg,f,c
   663   001264  0B07               	andlw	7
   664   001266  6E38               	movwf	??_gpio_pin_intialize^0,c
   665   001268  0E07               	movlw	7
   666   00126A  6438               	cpfsgt	??_gpio_pin_intialize^0,c
   667   00126C  EF3A  F009         	goto	u951
   668   001270  EF3C  F009         	goto	u950
   669   001274                     u951:
   670   001274  EF40  F009         	goto	l1734
   671   001278                     u950:
   672   001278                     l1732:
   673                           
   674                           ;MCAL_Layer/GPIO/hel_gpio.c: 57:         ret = (Std_ReturnType)0x00;
   675   001278  0E00               	movlw	0
   676   00127A  6E39               	movwf	gpio_pin_intialize@ret^0,c
   677                           
   678                           ;MCAL_Layer/GPIO/hel_gpio.c: 58:     }
   679   00127C  EF51  F009         	goto	l1736
   680   001280                     l1734:
   681                           
   682                           ;MCAL_Layer/GPIO/hel_gpio.c: 60:         ret = gpio_pin_direction_intialize(_pin_config)
      +                          ;
   683   001280  C037  F02F         	movff	gpio_pin_intialize@_pin_config,gpio_pin_direction_intialize@_pin_config
   684   001284  EC09  F008         	call	_gpio_pin_direction_intialize	;wreg free
   685   001288  6E39               	movwf	gpio_pin_intialize@ret^0,c
   686                           
   687                           ;MCAL_Layer/GPIO/hel_gpio.c: 61:         ret = gpio_pin_write_logic(_pin_config, _pin_co
      +                          nfig->logic);
   688   00128A  C037  F02F         	movff	gpio_pin_intialize@_pin_config,gpio_pin_write_logic@_pin_config
   689   00128E  5037               	movf	gpio_pin_intialize@_pin_config^0,w,c
   690   001290  6ED9               	movwf	fsr2l,c
   691   001292  6ADA               	clrf	fsr2h,c
   692   001294  0E00               	movlw	0
   693   001296  BEDF               	btfsc	indf2,7,c
   694   001298  0E01               	movlw	1
   695   00129A  6E30               	movwf	gpio_pin_write_logic@logic^0,c
   696   00129C  EC9C  F008         	call	_gpio_pin_write_logic	;wreg free
   697   0012A0  6E39               	movwf	gpio_pin_intialize@ret^0,c
   698   0012A2                     l1736:
   699                           
   700                           ;MCAL_Layer/GPIO/hel_gpio.c: 63:     return ret;
   701   0012A2  5039               	movf	gpio_pin_intialize@ret^0,w,c
   702   0012A4  0012               	return		;funcret
   703   0012A6                     __end_of_gpio_pin_intialize:
   704                           	callstack 0
   705                           
   706 ;; *************** function _gpio_pin_write_logic *****************
   707 ;; Defined at:
   708 ;;		line 97 in file "MCAL_Layer/GPIO/hel_gpio.c"
   709 ;; Parameters:    Size  Location     Type
   710 ;;  _pin_config     1    0[COMRAM] PTR const struct .
   711 ;;		 -> lcd_2$lcd_data(8), lcd_2(10), lcd_1$lcd_data(4), lcd_1(6), 
   712 ;;		 -> relay_turn_off@pin_obj(1), relay_turn_on@pin_obj(1), relay_initialize@pin_obj(1), led_turn_off@pin_obj(1), 
   713 ;;		 -> led_turn_on@pin_obj(1), led_initialize@pin_obj(1), 
   714 ;;  logic           1    1[COMRAM] enum E2811
   715 ;; Auto vars:     Size  Location     Type
   716 ;;  ret             1    7[COMRAM] unsigned char 
   717 ;; Return value:  Size  Location     Type
   718 ;;                  1    wreg      unsigned char 
   719 ;; Registers used:
   720 ;;		wreg, fsr2l, fsr2h, status,2, status,0, prodl, prodh
   721 ;; Tracked objects:
   722 ;;		On entry : 0/0
   723 ;;		On exit  : 0/0
   724 ;;		Unchanged: 0/0
   725 ;; Data sizes:     COMRAM   BANK0   BANK1   BANK2   BANK3   BANK4   BANK5   BANK6   BANK7   BANK8   BANK9  BANK10  BANK1
      +1  BANK12  BANK13  BANK14  BANK15
   726 ;;      Params:         2       0       0       0       0       0       0       0       0       0       0       0       
      +0       0       0       0       0
   727 ;;      Locals:         1       0       0       0       0       0       0       0       0       0       0       0       
      +0       0       0       0       0
   728 ;;      Temps:          5       0       0       0       0       0       0       0       0       0       0       0       
      +0       0       0       0       0
   729 ;;      Totals:         8       0       0       0       0       0       0       0       0       0       0       0       
      +0       0       0       0       0
   730 ;;Total ram usage:        8 bytes
   731 ;; Hardware stack levels used: 1
   732 ;; This function calls:
   733 ;;		Nothing
   734 ;; This function is called by:
   735 ;;		_gpio_pin_intialize
   736 ;;		_seven_segment_write_number
   737 ;;		_dc_motor_move_right
   738 ;;		_dc_motor_move_left
   739 ;;		_dc_motor_stop
   740 ;;		_keypad_get_value
   741 ;;		_led_turn_on
   742 ;;		_led_turn_off
   743 ;;		_relay_turn_on
   744 ;;		_relay_turn_off
   745 ;;		_lcd_4bit_send_command
   746 ;;		_lcd_4bit_send_char_data
   747 ;;		_lcd_8bit_send_command
   748 ;;		_lcd_send_4bits
   749 ;;		_lcd_4bit_send_enable_signal
   750 ;; This function uses a non-reentrant model
   751 ;;
   752                           
   753                           	psect	text5
   754   001138                     __ptext5:
   755                           	callstack 0
   756   001138                     _gpio_pin_write_logic:
   757                           	callstack 27
   758   001138                     
   759                           ;MCAL_Layer/GPIO/hel_gpio.c: 98:     Std_ReturnType ret = (Std_ReturnType)0x01;
   760   001138  0E01               	movlw	1
   761   00113A  6E36               	movwf	gpio_pin_write_logic@ret^0,c
   762                           
   763                           ;MCAL_Layer/GPIO/hel_gpio.c: 99:     if(((void*)0) == _pin_config || _pin_config->pin > 
      +                          8 -1){
   764   00113C  502F               	movf	gpio_pin_write_logic@_pin_config^0,w,c
   765   00113E  B4D8               	btfsc	status,2,c
   766   001140  EFA4  F008         	goto	u841
   767   001144  EFA6  F008         	goto	u840
   768   001148                     u841:
   769   001148  EFB6  F008         	goto	l1688
   770   00114C                     u840:
   771   00114C  502F               	movf	gpio_pin_write_logic@_pin_config^0,w,c
   772   00114E  6ED9               	movwf	fsr2l,c
   773   001150  6ADA               	clrf	fsr2h,c
   774   001152  30DF               	rrcf	223,w,c
   775   001154  32E8               	rrcf	wreg,f,c
   776   001156  32E8               	rrcf	wreg,f,c
   777   001158  0B07               	andlw	7
   778   00115A  6E31               	movwf	??_gpio_pin_write_logic^0,c
   779   00115C  0E07               	movlw	7
   780   00115E  6431               	cpfsgt	??_gpio_pin_write_logic^0,c
   781   001160  EFB4  F008         	goto	u851
   782   001164  EFB6  F008         	goto	u850
   783   001168                     u851:
   784   001168  EF0D  F009         	goto	l1696
   785   00116C                     u850:
   786   00116C                     l1688:
   787                           
   788                           ;MCAL_Layer/GPIO/hel_gpio.c: 100:         ret = (Std_ReturnType)0x00;
   789   00116C  0E00               	movlw	0
   790   00116E  6E36               	movwf	gpio_pin_write_logic@ret^0,c
   791                           
   792                           ;MCAL_Layer/GPIO/hel_gpio.c: 101:     }
   793   001170  EF22  F009         	goto	l1698
   794   001174                     l1690:
   795                           
   796                           ;MCAL_Layer/GPIO/hel_gpio.c: 105:                 (*lat_registers[_pin_config->port] &= 
      +                          ~((uint8) 1 << _pin_config->pin));
   797   001174  502F               	movf	gpio_pin_write_logic@_pin_config^0,w,c
   798   001176  6ED9               	movwf	fsr2l,c
   799   001178  6ADA               	clrf	fsr2h,c
   800   00117A  30DF               	rrcf	223,w,c
   801   00117C  32E8               	rrcf	wreg,f,c
   802   00117E  32E8               	rrcf	wreg,f,c
   803   001180  0B07               	andlw	7
   804   001182  6E31               	movwf	??_gpio_pin_write_logic^0,c
   805   001184  0E01               	movlw	1
   806   001186  6E32               	movwf	(??_gpio_pin_write_logic+1)^0,c
   807   001188  2A31               	incf	??_gpio_pin_write_logic^0,f,c
   808   00118A  EFC9  F008         	goto	u864
   809   00118E                     u865:
   810   00118E  90D8               	bcf	status,0,c
   811   001190  3632               	rlcf	(??_gpio_pin_write_logic+1)^0,f,c
   812   001192                     u864:
   813   001192  2E31               	decfsz	??_gpio_pin_write_logic^0,f,c
   814   001194  EFC7  F008         	goto	u865
   815   001198  5032               	movf	(??_gpio_pin_write_logic+1)^0,w,c
   816   00119A  0AFF               	xorlw	255
   817   00119C  6E33               	movwf	(??_gpio_pin_write_logic+2)^0,c
   818   00119E  502F               	movf	gpio_pin_write_logic@_pin_config^0,w,c
   819   0011A0  6ED9               	movwf	fsr2l,c
   820   0011A2  6ADA               	clrf	fsr2h,c
   821   0011A4  50DF               	movf	223,w,c
   822   0011A6  0B07               	andlw	7
   823   0011A8  0D02               	mullw	2
   824   0011AA  50F3               	movf	243,w,c
   825   0011AC  0F0B               	addlw	low _lat_registers
   826   0011AE  6ED9               	movwf	fsr2l,c
   827   0011B0  6ADA               	clrf	fsr2h,c
   828   0011B2  CFDE F034          	movff	postinc2,??_gpio_pin_write_logic+3
   829   0011B6  CFDD F035          	movff	postdec2,??_gpio_pin_write_logic+4
   830   0011BA  C034  FFD9         	movff	??_gpio_pin_write_logic+3,fsr2l
   831   0011BE  C035  FFDA         	movff	??_gpio_pin_write_logic+4,fsr2h
   832   0011C2  5033               	movf	(??_gpio_pin_write_logic+2)^0,w,c
   833   0011C4  16DF               	andwf	indf2,f,c
   834                           
   835                           ;MCAL_Layer/GPIO/hel_gpio.c: 106:                 break;
   836   0011C6  EF22  F009         	goto	l1698
   837   0011CA                     l1692:
   838                           
   839                           ;MCAL_Layer/GPIO/hel_gpio.c: 108:                 (*lat_registers[_pin_config->port] |= 
      +                          ((uint8) 1 << _pin_config->pin));
   840   0011CA  502F               	movf	gpio_pin_write_logic@_pin_config^0,w,c
   841   0011CC  6ED9               	movwf	fsr2l,c
   842   0011CE  6ADA               	clrf	fsr2h,c
   843   0011D0  30DF               	rrcf	223,w,c
   844   0011D2  32E8               	rrcf	wreg,f,c
   845   0011D4  32E8               	rrcf	wreg,f,c
   846   0011D6  0B07               	andlw	7
   847   0011D8  6E31               	movwf	??_gpio_pin_write_logic^0,c
   848   0011DA  0E01               	movlw	1
   849   0011DC  6E32               	movwf	(??_gpio_pin_write_logic+1)^0,c
   850   0011DE  2A31               	incf	??_gpio_pin_write_logic^0,f,c
   851   0011E0  EFF4  F008         	goto	u874
   852   0011E4                     u875:
   853   0011E4  90D8               	bcf	status,0,c
   854   0011E6  3632               	rlcf	(??_gpio_pin_write_logic+1)^0,f,c
   855   0011E8                     u874:
   856   0011E8  2E31               	decfsz	??_gpio_pin_write_logic^0,f,c
   857   0011EA  EFF2  F008         	goto	u875
   858   0011EE  502F               	movf	gpio_pin_write_logic@_pin_config^0,w,c
   859   0011F0  6ED9               	movwf	fsr2l,c
   860   0011F2  6ADA               	clrf	fsr2h,c
   861   0011F4  50DF               	movf	223,w,c
   862   0011F6  0B07               	andlw	7
   863   0011F8  0D02               	mullw	2
   864   0011FA  50F3               	movf	243,w,c
   865   0011FC  0F0B               	addlw	low _lat_registers
   866   0011FE  6ED9               	movwf	fsr2l,c
   867   001200  6ADA               	clrf	fsr2h,c
   868   001202  CFDE F033          	movff	postinc2,??_gpio_pin_write_logic+2
   869   001206  CFDD F034          	movff	postdec2,??_gpio_pin_write_logic+3
   870   00120A  C033  FFD9         	movff	??_gpio_pin_write_logic+2,fsr2l
   871   00120E  C034  FFDA         	movff	??_gpio_pin_write_logic+3,fsr2h
   872   001212  5032               	movf	(??_gpio_pin_write_logic+1)^0,w,c
   873   001214  12DF               	iorwf	indf2,f,c
   874                           
   875                           ;MCAL_Layer/GPIO/hel_gpio.c: 109:                 break;
   876   001216  EF22  F009         	goto	l1698
   877   00121A                     l1696:
   878   00121A  5030               	movf	gpio_pin_write_logic@logic^0,w,c
   879   00121C  6E31               	movwf	??_gpio_pin_write_logic^0,c
   880   00121E  6A32               	clrf	(??_gpio_pin_write_logic+1)^0,c
   881                           
   882                           ; Switch on 2 bytes has been partitioned into a top level switch of size 1, and 1 sub-sw
      +                          itches
   883                           ; Switch size 1, requested type "simple"
   884                           ; Number of cases is 1, Range of values is 0 to 0
   885                           ; switch strategies available:
   886                           ; Name         Instructions Cycles
   887                           ; simple_byte            4     3 (average)
   888                           ;	Chosen strategy is simple_byte
   889   001220  5032               	movf	(??_gpio_pin_write_logic+1)^0,w,c
   890   001222  0A00               	xorlw	0	; case 0
   891   001224  B4D8               	btfsc	status,2,c
   892   001226  EF17  F009         	goto	l2102
   893   00122A  EFB6  F008         	goto	l1688
   894   00122E                     l2102:
   895                           
   896                           ; Switch size 1, requested type "simple"
   897                           ; Number of cases is 2, Range of values is 0 to 1
   898                           ; switch strategies available:
   899                           ; Name         Instructions Cycles
   900                           ; simple_byte            7     4 (average)
   901                           ;	Chosen strategy is simple_byte
   902   00122E  5031               	movf	??_gpio_pin_write_logic^0,w,c
   903   001230  0A00               	xorlw	0	; case 0
   904   001232  B4D8               	btfsc	status,2,c
   905   001234  EFBA  F008         	goto	l1690
   906   001238  0A01               	xorlw	1	; case 1
   907   00123A  B4D8               	btfsc	status,2,c
   908   00123C  EFE5  F008         	goto	l1692
   909   001240  EFB6  F008         	goto	l1688
   910   001244                     l1698:
   911                           
   912                           ;MCAL_Layer/GPIO/hel_gpio.c: 113:     return ret;
   913   001244  5036               	movf	gpio_pin_write_logic@ret^0,w,c
   914   001246  0012               	return		;funcret
   915   001248                     __end_of_gpio_pin_write_logic:
   916                           	callstack 0
   917                           
   918 ;; *************** function _gpio_pin_direction_intialize *****************
   919 ;; Defined at:
   920 ;;		line 26 in file "MCAL_Layer/GPIO/hel_gpio.c"
   921 ;; Parameters:    Size  Location     Type
   922 ;;  _pin_config     1    0[COMRAM] PTR const struct .
   923 ;;		 -> lcd_2$lcd_data(8), lcd_2(10), lcd_1$lcd_data(4), lcd_1(6), 
   924 ;;		 -> relay_initialize@pin_obj(1), led_initialize@pin_obj(1), 
   925 ;; Auto vars:     Size  Location     Type
   926 ;;  ret             1    6[COMRAM] unsigned char 
   927 ;; Return value:  Size  Location     Type
   928 ;;                  1    wreg      unsigned char 
   929 ;; Registers used:
   930 ;;		wreg, fsr2l, fsr2h, status,2, status,0, prodl, prodh
   931 ;; Tracked objects:
   932 ;;		On entry : 0/0
   933 ;;		On exit  : 0/0
   934 ;;		Unchanged: 0/0
   935 ;; Data sizes:     COMRAM   BANK0   BANK1   BANK2   BANK3   BANK4   BANK5   BANK6   BANK7   BANK8   BANK9  BANK10  BANK1
      +1  BANK12  BANK13  BANK14  BANK15
   936 ;;      Params:         1       0       0       0       0       0       0       0       0       0       0       0       
      +0       0       0       0       0
   937 ;;      Locals:         1       0       0       0       0       0       0       0       0       0       0       0       
      +0       0       0       0       0
   938 ;;      Temps:          5       0       0       0       0       0       0       0       0       0       0       0       
      +0       0       0       0       0
   939 ;;      Totals:         7       0       0       0       0       0       0       0       0       0       0       0       
      +0       0       0       0       0
   940 ;;Total ram usage:        7 bytes
   941 ;; Hardware stack levels used: 1
   942 ;; This function calls:
   943 ;;		Nothing
   944 ;; This function is called by:
   945 ;;		_gpio_pin_intialize
   946 ;;		_keypad_initialize
   947 ;;		_push_button_initialize
   948 ;; This function uses a non-reentrant model
   949 ;;
   950                           
   951                           	psect	text6
   952   001012                     __ptext6:
   953                           	callstack 0
   954   001012                     _gpio_pin_direction_intialize:
   955                           	callstack 27
   956   001012                     
   957                           ;MCAL_Layer/GPIO/hel_gpio.c: 27:     Std_ReturnType ret = (Std_ReturnType)0x01;
   958   001012  0E01               	movlw	1
   959   001014  6E35               	movwf	gpio_pin_direction_intialize@ret^0,c
   960                           
   961                           ;MCAL_Layer/GPIO/hel_gpio.c: 28:     if(((void*)0) == _pin_config || _pin_config->pin > 
      +                          8 -1){
   962   001016  502F               	movf	gpio_pin_direction_intialize@_pin_config^0,w,c
   963   001018  B4D8               	btfsc	status,2,c
   964   00101A  EF11  F008         	goto	u881
   965   00101E  EF13  F008         	goto	u880
   966   001022                     u881:
   967   001022  EF23  F008         	goto	l1710
   968   001026                     u880:
   969   001026  502F               	movf	gpio_pin_direction_intialize@_pin_config^0,w,c
   970   001028  6ED9               	movwf	fsr2l,c
   971   00102A  6ADA               	clrf	fsr2h,c
   972   00102C  30DF               	rrcf	223,w,c
   973   00102E  32E8               	rrcf	wreg,f,c
   974   001030  32E8               	rrcf	wreg,f,c
   975   001032  0B07               	andlw	7
   976   001034  6E30               	movwf	??_gpio_pin_direction_intialize^0,c
   977   001036  0E07               	movlw	7
   978   001038  6430               	cpfsgt	??_gpio_pin_direction_intialize^0,c
   979   00103A  EF21  F008         	goto	u891
   980   00103E  EF23  F008         	goto	u890
   981   001042                     u891:
   982   001042  EF7A  F008         	goto	l1718
   983   001046                     u890:
   984   001046                     l1710:
   985                           
   986                           ;MCAL_Layer/GPIO/hel_gpio.c: 29:         ret = (Std_ReturnType)0x00;
   987   001046  0E00               	movlw	0
   988   001048  6E35               	movwf	gpio_pin_direction_intialize@ret^0,c
   989                           
   990                           ;MCAL_Layer/GPIO/hel_gpio.c: 30:     }
   991   00104A  EF9A  F008         	goto	l1720
   992   00104E                     l1712:
   993                           
   994                           ;MCAL_Layer/GPIO/hel_gpio.c: 34:                 (*tris_registers[_pin_config->port] &= 
      +                          ~((uint8) 1 << _pin_config->pin));
   995   00104E  502F               	movf	gpio_pin_direction_intialize@_pin_config^0,w,c
   996   001050  6ED9               	movwf	fsr2l,c
   997   001052  6ADA               	clrf	fsr2h,c
   998   001054  30DF               	rrcf	223,w,c
   999   001056  32E8               	rrcf	wreg,f,c
  1000   001058  32E8               	rrcf	wreg,f,c
  1001   00105A  0B07               	andlw	7
  1002   00105C  6E30               	movwf	??_gpio_pin_direction_intialize^0,c
  1003   00105E  0E01               	movlw	1
  1004   001060  6E31               	movwf	(??_gpio_pin_direction_intialize+1)^0,c
  1005   001062  2A30               	incf	??_gpio_pin_direction_intialize^0,f,c
  1006   001064  EF36  F008         	goto	u904
  1007   001068                     u905:
  1008   001068  90D8               	bcf	status,0,c
  1009   00106A  3631               	rlcf	(??_gpio_pin_direction_intialize+1)^0,f,c
  1010   00106C                     u904:
  1011   00106C  2E30               	decfsz	??_gpio_pin_direction_intialize^0,f,c
  1012   00106E  EF34  F008         	goto	u905
  1013   001072  5031               	movf	(??_gpio_pin_direction_intialize+1)^0,w,c
  1014   001074  0AFF               	xorlw	255
  1015   001076  6E32               	movwf	(??_gpio_pin_direction_intialize+2)^0,c
  1016   001078  502F               	movf	gpio_pin_direction_intialize@_pin_config^0,w,c
  1017   00107A  6ED9               	movwf	fsr2l,c
  1018   00107C  6ADA               	clrf	fsr2h,c
  1019   00107E  50DF               	movf	223,w,c
  1020   001080  0B07               	andlw	7
  1021   001082  0D02               	mullw	2
  1022   001084  50F3               	movf	243,w,c
  1023   001086  0F15               	addlw	low _tris_registers
  1024   001088  6ED9               	movwf	fsr2l,c
  1025   00108A  6ADA               	clrf	fsr2h,c
  1026   00108C  CFDE F033          	movff	postinc2,??_gpio_pin_direction_intialize+3
  1027   001090  CFDD F034          	movff	postdec2,??_gpio_pin_direction_intialize+4
  1028   001094  C033  FFD9         	movff	??_gpio_pin_direction_intialize+3,fsr2l
  1029   001098  C034  FFDA         	movff	??_gpio_pin_direction_intialize+4,fsr2h
  1030   00109C  5032               	movf	(??_gpio_pin_direction_intialize+2)^0,w,c
  1031   00109E  16DF               	andwf	indf2,f,c
  1032                           
  1033                           ;MCAL_Layer/GPIO/hel_gpio.c: 35:                 break;
  1034   0010A0  EF9A  F008         	goto	l1720
  1035   0010A4                     l1714:
  1036                           
  1037                           ;MCAL_Layer/GPIO/hel_gpio.c: 37:                 (*tris_registers[_pin_config->port] |= 
      +                          ((uint8) 1 << _pin_config->pin));
  1038   0010A4  502F               	movf	gpio_pin_direction_intialize@_pin_config^0,w,c
  1039   0010A6  6ED9               	movwf	fsr2l,c
  1040   0010A8  6ADA               	clrf	fsr2h,c
  1041   0010AA  30DF               	rrcf	223,w,c
  1042   0010AC  32E8               	rrcf	wreg,f,c
  1043   0010AE  32E8               	rrcf	wreg,f,c
  1044   0010B0  0B07               	andlw	7
  1045   0010B2  6E30               	movwf	??_gpio_pin_direction_intialize^0,c
  1046   0010B4  0E01               	movlw	1
  1047   0010B6  6E31               	movwf	(??_gpio_pin_direction_intialize+1)^0,c
  1048   0010B8  2A30               	incf	??_gpio_pin_direction_intialize^0,f,c
  1049   0010BA  EF61  F008         	goto	u914
  1050   0010BE                     u915:
  1051   0010BE  90D8               	bcf	status,0,c
  1052   0010C0  3631               	rlcf	(??_gpio_pin_direction_intialize+1)^0,f,c
  1053   0010C2                     u914:
  1054   0010C2  2E30               	decfsz	??_gpio_pin_direction_intialize^0,f,c
  1055   0010C4  EF5F  F008         	goto	u915
  1056   0010C8  502F               	movf	gpio_pin_direction_intialize@_pin_config^0,w,c
  1057   0010CA  6ED9               	movwf	fsr2l,c
  1058   0010CC  6ADA               	clrf	fsr2h,c
  1059   0010CE  50DF               	movf	223,w,c
  1060   0010D0  0B07               	andlw	7
  1061   0010D2  0D02               	mullw	2
  1062   0010D4  50F3               	movf	243,w,c
  1063   0010D6  0F15               	addlw	low _tris_registers
  1064   0010D8  6ED9               	movwf	fsr2l,c
  1065   0010DA  6ADA               	clrf	fsr2h,c
  1066   0010DC  CFDE F032          	movff	postinc2,??_gpio_pin_direction_intialize+2
  1067   0010E0  CFDD F033          	movff	postdec2,??_gpio_pin_direction_intialize+3
  1068   0010E4  C032  FFD9         	movff	??_gpio_pin_direction_intialize+2,fsr2l
  1069   0010E8  C033  FFDA         	movff	??_gpio_pin_direction_intialize+3,fsr2h
  1070   0010EC  5031               	movf	(??_gpio_pin_direction_intialize+1)^0,w,c
  1071   0010EE  12DF               	iorwf	indf2,f,c
  1072                           
  1073                           ;MCAL_Layer/GPIO/hel_gpio.c: 38:                 break;
  1074   0010F0  EF9A  F008         	goto	l1720
  1075   0010F4                     l1718:
  1076   0010F4  502F               	movf	gpio_pin_direction_intialize@_pin_config^0,w,c
  1077   0010F6  6ED9               	movwf	fsr2l,c
  1078   0010F8  6ADA               	clrf	fsr2h,c
  1079   0010FA  BCDF               	btfsc	indf2,6,c
  1080   0010FC  EF82  F008         	goto	u921
  1081   001100  EF85  F008         	goto	u920
  1082   001104                     u921:
  1083   001104  0E01               	movlw	1
  1084   001106  EF86  F008         	goto	u930
  1085   00110A                     u920:
  1086   00110A  0E00               	movlw	0
  1087   00110C                     u930:
  1088   00110C  6E30               	movwf	??_gpio_pin_direction_intialize^0,c
  1089   00110E  6A31               	clrf	(??_gpio_pin_direction_intialize+1)^0,c
  1090                           
  1091                           ; Switch on 2 bytes has been partitioned into a top level switch of size 1, and 1 sub-sw
      +                          itches
  1092                           ; Switch size 1, requested type "simple"
  1093                           ; Number of cases is 1, Range of values is 0 to 0
  1094                           ; switch strategies available:
  1095                           ; Name         Instructions Cycles
  1096                           ; simple_byte            4     3 (average)
  1097                           ;	Chosen strategy is simple_byte
  1098   001110  5031               	movf	(??_gpio_pin_direction_intialize+1)^0,w,c
  1099   001112  0A00               	xorlw	0	; case 0
  1100   001114  B4D8               	btfsc	status,2,c
  1101   001116  EF8F  F008         	goto	l2104
  1102   00111A  EF23  F008         	goto	l1710
  1103   00111E                     l2104:
  1104                           
  1105                           ; Switch size 1, requested type "simple"
  1106                           ; Number of cases is 2, Range of values is 0 to 1
  1107                           ; switch strategies available:
  1108                           ; Name         Instructions Cycles
  1109                           ; simple_byte            7     4 (average)
  1110                           ;	Chosen strategy is simple_byte
  1111   00111E  5030               	movf	??_gpio_pin_direction_intialize^0,w,c
  1112   001120  0A00               	xorlw	0	; case 0
  1113   001122  B4D8               	btfsc	status,2,c
  1114   001124  EF27  F008         	goto	l1712
  1115   001128  0A01               	xorlw	1	; case 1
  1116   00112A  B4D8               	btfsc	status,2,c
  1117   00112C  EF52  F008         	goto	l1714
  1118   001130  EF23  F008         	goto	l1710
  1119   001134                     l1720:
  1120                           
  1121                           ;MCAL_Layer/GPIO/hel_gpio.c: 42:     return ret;
  1122   001134  5035               	movf	gpio_pin_direction_intialize@ret^0,w,c
  1123   001136  0012               	return		;funcret
  1124   001138                     __end_of_gpio_pin_direction_intialize:
  1125                           	callstack 0
  1126                           
  1127                           	psect	rparam
  1128   000000                     
  1129                           	psect	config
  1130                           
  1131                           ; Padding undefined space
  1132   300000                     	org	3145728
  1133   300000  FF                 	db	255
  1134                           
  1135                           ;Config register CONFIG1H @ 0x300001
  1136                           ;	Oscillator Selection bits
  1137                           ;	OSC = HS, HS oscillator
  1138                           ;	Fail-Safe Clock Monitor Enable bit
  1139                           ;	FCMEN = OFF, Fail-Safe Clock Monitor disabled
  1140                           ;	Internal/External Oscillator Switchover bit
  1141                           ;	IESO = OFF, Oscillator Switchover mode disabled
  1142   300001                     	org	3145729
  1143   300001  02                 	db	2
  1144                           
  1145                           ;Config register CONFIG2L @ 0x300002
  1146                           ;	Power-up Timer Enable bit
  1147                           ;	PWRT = OFF, PWRT disabled
  1148                           ;	Brown-out Reset Enable bits
  1149                           ;	BOREN = OFF, Brown-out Reset disabled in hardware and software
  1150                           ;	Brown Out Reset Voltage bits
  1151                           ;	BORV = 1, 
  1152   300002                     	org	3145730
  1153   300002  09                 	db	9
  1154                           
  1155                           ;Config register CONFIG2H @ 0x300003
  1156                           ;	Watchdog Timer Enable bit
  1157                           ;	WDT = OFF, WDT disabled (control is placed on the SWDTEN bit)
  1158                           ;	Watchdog Timer Postscale Select bits
  1159                           ;	WDTPS = 32768, 1:32768
  1160   300003                     	org	3145731
  1161   300003  1E                 	db	30
  1162                           
  1163                           ; Padding undefined space
  1164   300004                     	org	3145732
  1165   300004  FF                 	db	255
  1166                           
  1167                           ;Config register CONFIG3H @ 0x300005
  1168                           ;	CCP2 MUX bit
  1169                           ;	CCP2MX = PORTC, CCP2 input/output is multiplexed with RC1
  1170                           ;	PORTB A/D Enable bit
  1171                           ;	PBADEN = OFF, PORTB<4:0> pins are configured as digital I/O on Reset
  1172                           ;	Low-Power Timer1 Oscillator Enable bit
  1173                           ;	LPT1OSC = OFF, Timer1 configured for higher power operation
  1174                           ;	MCLR Pin Enable bit
  1175                           ;	MCLRE = ON, MCLR pin enabled; RE3 input pin disabled
  1176   300005                     	org	3145733
  1177   300005  81                 	db	129
  1178                           
  1179                           ;Config register CONFIG4L @ 0x300006
  1180                           ;	Stack Full/Underflow Reset Enable bit
  1181                           ;	STVREN = ON, Stack full/underflow will cause Reset
  1182                           ;	Single-Supply ICSP Enable bit
  1183                           ;	LVP = OFF, Single-Supply ICSP disabled
  1184                           ;	Extended Instruction Set Enable bit
  1185                           ;	XINST = OFF, Instruction set extension and Indexed Addressing mode disabled (Legacy mo
      +                          de)
  1186                           ;	Background Debugger Enable bit
  1187                           ;	DEBUG = 0x1, unprogrammed default
  1188   300006                     	org	3145734
  1189   300006  81                 	db	129
  1190                           
  1191                           ; Padding undefined space
  1192   300007                     	org	3145735
  1193   300007  FF                 	db	255
  1194                           
  1195                           ;Config register CONFIG5L @ 0x300008
  1196                           ;	Code Protection bit
  1197                           ;	CP0 = OFF, Block 0 (000800-003FFFh) not code-protected
  1198                           ;	Code Protection bit
  1199                           ;	CP1 = OFF, Block 1 (004000-007FFFh) not code-protected
  1200                           ;	Code Protection bit
  1201                           ;	CP2 = OFF, Block 2 (008000-00BFFFh) not code-protected
  1202                           ;	Code Protection bit
  1203                           ;	CP3 = OFF, Block 3 (00C000-00FFFFh) not code-protected
  1204   300008                     	org	3145736
  1205   300008  0F                 	db	15
  1206                           
  1207                           ;Config register CONFIG5H @ 0x300009
  1208                           ;	Boot Block Code Protection bit
  1209                           ;	CPB = OFF, Boot block (000000-0007FFh) not code-protected
  1210                           ;	Data EEPROM Code Protection bit
  1211                           ;	CPD = OFF, Data EEPROM not code-protected
  1212   300009                     	org	3145737
  1213   300009  C0                 	db	192
  1214                           
  1215                           ;Config register CONFIG6L @ 0x30000A
  1216                           ;	Write Protection bit
  1217                           ;	WRT0 = OFF, Block 0 (000800-003FFFh) not write-protected
  1218                           ;	Write Protection bit
  1219                           ;	WRT1 = OFF, Block 1 (004000-007FFFh) not write-protected
  1220                           ;	Write Protection bit
  1221                           ;	WRT2 = OFF, Block 2 (008000-00BFFFh) not write-protected
  1222                           ;	Write Protection bit
  1223                           ;	WRT3 = OFF, Block 3 (00C000-00FFFFh) not write-protected
  1224   30000A                     	org	3145738
  1225   30000A  0F                 	db	15
  1226                           
  1227                           ;Config register CONFIG6H @ 0x30000B
  1228                           ;	Configuration Register Write Protection bit
  1229                           ;	WRTC = OFF, Configuration registers (300000-3000FFh) not write-protected
  1230                           ;	Boot Block Write Protection bit
  1231                           ;	WRTB = OFF, Boot Block (000000-0007FFh) not write-protected
  1232                           ;	Data EEPROM Write Protection bit
  1233                           ;	WRTD = OFF, Data EEPROM not write-protected
  1234   30000B                     	org	3145739
  1235   30000B  E0                 	db	224
  1236                           
  1237                           ;Config register CONFIG7L @ 0x30000C
  1238                           ;	Table Read Protection bit
  1239                           ;	EBTR0 = OFF, Block 0 (000800-003FFFh) not protected from table reads executed in other
      +                           blocks
  1240                           ;	Table Read Protection bit
  1241                           ;	EBTR1 = OFF, Block 1 (004000-007FFFh) not protected from table reads executed in other
      +                           blocks
  1242                           ;	Table Read Protection bit
  1243                           ;	EBTR2 = OFF, Block 2 (008000-00BFFFh) not protected from table reads executed in other
      +                           blocks
  1244                           ;	Table Read Protection bit
  1245                           ;	EBTR3 = OFF, Block 3 (00C000-00FFFFh) not protected from table reads executed in other
      +                           blocks
  1246   30000C                     	org	3145740
  1247   30000C  0F                 	db	15
  1248                           
  1249                           ;Config register CONFIG7H @ 0x30000D
  1250                           ;	Boot Block Table Read Protection bit
  1251                           ;	EBTRB = OFF, Boot Block (000000-0007FFh) not protected from table reads executed in ot
      +                          her blocks
  1252   30000D                     	org	3145741
  1253   30000D  40                 	db	64
  1254                           tosu	equ	0xFFF
  1255                           tosh	equ	0xFFE
  1256                           tosl	equ	0xFFD
  1257                           stkptr	equ	0xFFC
  1258                           pclatu	equ	0xFFB
  1259                           pclath	equ	0xFFA
  1260                           pcl	equ	0xFF9
  1261                           tblptru	equ	0xFF8
  1262                           tblptrh	equ	0xFF7
  1263                           tblptrl	equ	0xFF6
  1264                           tablat	equ	0xFF5
  1265                           prodh	equ	0xFF4
  1266                           prodl	equ	0xFF3
  1267                           indf0	equ	0xFEF
  1268                           postinc0	equ	0xFEE
  1269                           postdec0	equ	0xFED
  1270                           preinc0	equ	0xFEC
  1271                           plusw0	equ	0xFEB
  1272                           fsr0h	equ	0xFEA
  1273                           fsr0l	equ	0xFE9
  1274                           wreg	equ	0xFE8
  1275                           indf1	equ	0xFE7
  1276                           postinc1	equ	0xFE6
  1277                           postdec1	equ	0xFE5
  1278                           preinc1	equ	0xFE4
  1279                           plusw1	equ	0xFE3
  1280                           fsr1h	equ	0xFE2
  1281                           fsr1l	equ	0xFE1
  1282                           bsr	equ	0xFE0
  1283                           indf2	equ	0xFDF
  1284                           postinc2	equ	0xFDE
  1285                           postdec2	equ	0xFDD
  1286                           preinc2	equ	0xFDC
  1287                           plusw2	equ	0xFDB
  1288                           fsr2h	equ	0xFDA
  1289                           fsr2l	equ	0xFD9
  1290                           status	equ	0xFD8

Data Sizes:
    Strings     0
    Constant    16
    Data        46
    BSS         7
    Persistent  0
    Stack       0

Auto Spaces:
    Space          Size  Autos    Used
    COMRAM          127     14      67
    BANK0           128      0       0
    BANK1           256      0       0
    BANK2           256      0       0
    BANK3           256      0       0
    BANK4           256      0       0
    BANK5           256      0       0
    BANK6           256      0       0
    BANK7           256      0       0
    BANK8           256      0       0
    BANK9           256      0       0
    BANK10          256      0       0
    BANK11          256      0       0
    BANK12          256      0       0
    BANK13          256      0       0
    BANK14          256      0       0
    BANK15          128      0       0

Pointer List with Targets:

    gpio_pin_direction_intialize@_pin_config	PTR const struct . size(1) Largest target is 10
		 -> lcd_1(COMRAM[6]), lcd_1$lcd_data(COMRAM[4]), lcd_2(COMRAM[10]), lcd_2$lcd_data(COMRAM[8]), 
		 -> led_initialize@pin_obj(COMRAM[1]), relay_initialize@pin_obj(COMRAM[1]), 

    gpio_pin_intialize@_pin_config	PTR const struct . size(1) Largest target is 10
		 -> lcd_1(COMRAM[6]), lcd_1$lcd_data(COMRAM[4]), lcd_2(COMRAM[10]), lcd_2$lcd_data(COMRAM[8]), 
		 -> led_initialize@pin_obj(COMRAM[1]), relay_initialize@pin_obj(COMRAM[1]), 

    gpio_pin_write_logic@_pin_config	PTR const struct . size(1) Largest target is 10
		 -> lcd_1(COMRAM[6]), lcd_1$lcd_data(COMRAM[4]), lcd_2(COMRAM[10]), lcd_2$lcd_data(COMRAM[8]), 
		 -> led_initialize@pin_obj(COMRAM[1]), led_turn_off@pin_obj(COMRAM[1]), led_turn_on@pin_obj(COMRAM[1]), relay_initialize@pin_obj(COMRAM[1]), 
		 -> relay_turn_off@pin_obj(COMRAM[1]), relay_turn_on@pin_obj(COMRAM[1]), 

    lat_registers	PTR volatile unsigned char [5] size(2) Largest target is 1
		 -> LATA(BITBIGSFRll[1]), LATB(BITBIGSFRlh[1]), LATC(BITBIGSFRlh[1]), LATD(BITBIGSFRlh[1]), 
		 -> LATE(BITBIGSFRlh[1]), 

    lcd_4bit_initialize@_lcd_	PTR const struct . size(1) Largest target is 6
		 -> lcd_1(COMRAM[6]), 

    lcd_8bit_initialize@_lcd_	PTR const struct . size(1) Largest target is 10
		 -> lcd_2(COMRAM[10]), 

    port_registers	PTR volatile unsigned char [5] size(2) Largest target is 1
		 -> PORTA(BITBIGSFRll[1]), PORTB(BITBIGSFRll[1]), PORTC(BITBIGSFRll[1]), PORTD(BITBIGSFRll[1]), 
		 -> PORTE(BITBIGSFRll[1]), 

    tris_registers	PTR volatile unsigned char [5] size(2) Largest target is 1
		 -> TRISA(BITBIGSFRll[1]), TRISB(BITBIGSFRh[1]), TRISC(BITBIGSFRh[1]), TRISD(BITBIGSFRh[1]), 
		 -> TRISE(BITBIGSFRh[1]), 


Critical Paths under _main in COMRAM

    _application_intialize->_lcd_4bit_initialize
    _application_intialize->_lcd_8bit_initialize
    _lcd_8bit_initialize->_gpio_pin_intialize
    _lcd_4bit_initialize->_gpio_pin_intialize
    _gpio_pin_intialize->_gpio_pin_write_logic

Critical Paths under _main in BANK0

    None.

Critical Paths under _main in BANK1

    None.

Critical Paths under _main in BANK2

    None.

Critical Paths under _main in BANK3

    None.

Critical Paths under _main in BANK4

    None.

Critical Paths under _main in BANK5

    None.

Critical Paths under _main in BANK6

    None.

Critical Paths under _main in BANK7

    None.

Critical Paths under _main in BANK8

    None.

Critical Paths under _main in BANK9

    None.

Critical Paths under _main in BANK10

    None.

Critical Paths under _main in BANK11

    None.

Critical Paths under _main in BANK12

    None.

Critical Paths under _main in BANK13

    None.

Critical Paths under _main in BANK14

    None.

Critical Paths under _main in BANK15

    None.

Call Graph Tables:

 ---------------------------------------------------------------------------------
 (Depth) Function   	        Calls       Base Space   Used Autos Params    Refs
 ---------------------------------------------------------------------------------
 (0) _main                                                 1     1      0   12152
              _application_intialize
 ---------------------------------------------------------------------------------
 (1) _application_intialize                                1     1      0   12151
                _lcd_4bit_initialize
                _lcd_8bit_initialize
 ---------------------------------------------------------------------------------
 (2) _lcd_8bit_initialize                                  3     2      1    6074
                                             11 COMRAM     3     2      1
                 _gpio_pin_intialize
 ---------------------------------------------------------------------------------
 (2) _lcd_4bit_initialize                                  3     2      1    6074
                                             11 COMRAM     3     2      1
                 _gpio_pin_intialize
 ---------------------------------------------------------------------------------
 (3) _gpio_pin_intialize                                   3     2      1    5814
                                              8 COMRAM     3     2      1
       _gpio_pin_direction_intialize
               _gpio_pin_write_logic
 ---------------------------------------------------------------------------------
 (4) _gpio_pin_write_logic                                 8     6      2    4131
                                              0 COMRAM     8     6      2
 ---------------------------------------------------------------------------------
 (4) _gpio_pin_direction_intialize                         7     6      1     407
                                              0 COMRAM     7     6      1
 ---------------------------------------------------------------------------------
 Estimated maximum stack depth 4
 ---------------------------------------------------------------------------------

 Call Graph Graphs:

 _main (ROOT)
   _application_intialize
     _lcd_4bit_initialize
       _gpio_pin_intialize
         _gpio_pin_direction_intialize
         _gpio_pin_write_logic
     _lcd_8bit_initialize
       _gpio_pin_intialize

 Address spaces:
Name               Size   Autos  Total    Cost      Usage
BIGRAM             F7F      0       0      40        0.0%
EEDATA             400      0       0       0        0.0%
BITBANK14          100      0       0      32        0.0%
BANK14             100      0       0      33        0.0%
BITBANK13          100      0       0      30        0.0%
BANK13             100      0       0      31        0.0%
BITBANK12          100      0       0      28        0.0%
BANK12             100      0       0      29        0.0%
BITBANK11          100      0       0      26        0.0%
BANK11             100      0       0      27        0.0%
BITBANK10          100      0       0      24        0.0%
BANK10             100      0       0      25        0.0%
BITBANK9           100      0       0      22        0.0%
BANK9              100      0       0      23        0.0%
BITBANK8           100      0       0      20        0.0%
BANK8              100      0       0      21        0.0%
BITBANK7           100      0       0      18        0.0%
BANK7              100      0       0      19        0.0%
BITBANK6           100      0       0      16        0.0%
BANK6              100      0       0      17        0.0%
BITBANK5           100      0       0      14        0.0%
BANK5              100      0       0      15        0.0%
BITBANK4           100      0       0      12        0.0%
BANK4              100      0       0      13        0.0%
BITBANK3           100      0       0      10        0.0%
BANK3              100      0       0      11        0.0%
BITBANK2           100      0       0       8        0.0%
BANK2              100      0       0       9        0.0%
BITBANK1           100      0       0       6        0.0%
BANK1              100      0       0       7        0.0%
BITBANK15           80      0       0      34        0.0%
BANK15              80      0       0      35        0.0%
BITBANK0            80      0       0       4        0.0%
BANK0               80      0       0       5        0.0%
BITCOMRAM           7F      0       0       0        0.0%
COMRAM              7F      E      43       1       52.8%
BITBIGSFRh          69      0       0      36        0.0%
BITBIGSFRlh          4      0       0      37        0.0%
BITBIGSFRll          4      0       0      38        0.0%
BIGSFR               0      0       0     200        0.0%
BITSFR               0      0       0     200        0.0%
SFR                  0      0       0     200        0.0%
STACK                0      0       0       2        0.0%
NULL                 0      0       0       0        0.0%
ABS                  0      0      43      39        0.0%
DATA                 0      0      43       3        0.0%
CODE                 0      0       0       0        0.0%


Microchip Technology PIC18 Macro Assembler V2.45 build 20230818022343 
Symbol Table                                                                                   Tue Nov 14 17:39:14 2023

                                    l210 12A4                                      l203 1136  
                                    l306 1354                                      l229 1246  
                                    l343 12FC                                      l283 13D0  
                                    l284 13D0                                      l289 13CA  
                                    u920 110A                                      u904 106C  
                                    u840 114C                                      u921 1104  
                                    u905 1068                                      u841 1148  
                                    u930 110C                                      u914 10C2  
                                    u850 116C                                      u915 10BE  
                                    u851 1168                                      u940 1258  
                                    u941 1254                                      u950 1278  
                                    u951 1274                                      u880 1026  
                                    u864 1192                                      u960 1312  
                                    u881 1022                                      u865 118E  
                                    u961 130E                                      u890 1046  
                                    u874 11E8                                      u970 1352  
                                    u891 1042                                      u875 11E4  
                                    u971 134E                                      u980 12BA  
                                    u981 12B6                                      u990 12FA  
                                    u991 12F6                      led_initialize@F2891 0043  
                                    wreg 0FE8                    relay_initialize@F2885 003F  
                                   l2102 122E                                     l2104 111E  
                                   l2040 13CC                                     l2038 13CC  
                                   l1710 1046                                     l1712 104E  
                                   l1720 1134                                     l1714 10A4  
                                   l1706 1012                                     l1730 1258  
                                   l1708 1026                                     l1732 1278  
                                   l1740 12FE                                     l1718 10F4  
                                   l1734 1280                                     l1742 1312  
                                   l1736 12A2                                     l1728 1248  
                                   l1752 1332                                     l1744 131A  
                                   l1690 1174                                     l1754 1340  
                                   l1746 132E                                     l1762 12A6  
                                   l1692 11CA                                     l1684 1138  
                                   l1756 1342                                     l1780 12FA  
                                   l1764 12BA                                     l1686 114C  
                                   l1758 1352                                     l1774 12DA  
                                   l1766 12C2                                     l1696 121A  
                                   l1688 116C                                     l1776 12E8  
                                   l1768 12D6                                     l1784 13BA  
                                   l1698 1244                                     l1778 12EA  
                                   l1786 13BA                                     l1788 13C2  
                                   _LATA 0F89                                     _LATB 0F8A  
                                   _LATC 0F8B                                     _LATD 0F8C  
                                   _LATE 0F8D                  ??_application_intialize 003D  
                                   _main 13CC                                     fsr2h 0FDA  
                                   indf2 0FDF                                     fsr1l 0FE1  
                                   fsr2l 0FD9                                     prodl 0FF3  
                                   start 0000                             ___param_bank 0000  
                   _gpio_pin_write_logic 1138                                    ?_main 002F  
                    relay_turn_off@F2895 003D                                    _PORTA 0F80  
                                  _PORTB 0F81                                    _PORTC 0F82  
                                  _PORTD 0F83                                    _PORTE 0F84  
                                  _TRISA 0F92                                    _TRISB 0F93  
                                  _TRISC 0F94                                    _TRISD 0F95  
                                  _TRISE 0F96                                    _lcd_1 0029  
                                  _lcd_2 001F                                    tablat 0FF5  
                                  status 0FD8                          __initialization 1356  
                           __end_of_main 13D8                    ?_gpio_pin_write_logic 002F  
                          _lat_registers 000B                                   ??_main 003D  
                          __activetblptr 0002                         led_turn_on@F2896 0042  
                                 clear_0 137C                                   isa$std 0001  
gpio_pin_direction_intialize@_pin_config 002F                             __pdataCOMRAM 0001  
                           __mediumconst 0000                                   tblptrh 0FF7  
                                 tblptrl 0FF6                                   tblptru 0FF8  
                             __accesstop 0080                  __end_of__initialization 1382  
                          ___rparam_used 0001                   ??_gpio_pin_write_logic 0031  
                         __pcstackCOMRAM 002F                 lcd_8bit_initialize@_lcd_ 003A  
          __end_of_application_intialize 13CC                   lcd_8bit_initialize@ret 003B  
                      led_turn_off@F2901 0041                     led_turn_toggle@F2906 0040  
                             _btn_values 1001                           _tris_registers 0015  
 lcd_8bit_initialize@l_data_pins_counter 003C   lcd_4bit_initialize@l_data_pins_counter 003C  
                                __Hparam 0000                                  __Lparam 0000  
                           __psmallconst 1000               __end_of_gpio_pin_intialize 12A6  
                                __pcinit 1356                                  __ramtop 1000  
                                __ptext0 13CC                                  __ptext1 13BA  
                                __ptext2 12A6                                  __ptext3 12FE  
                                __ptext4 1248                                  __ptext5 1138  
                                __ptext6 1012                     end_of_initialization 1382  
                          __Lmediumconst 0000                    gpio_pin_intialize@ret 0039  
                                postdec1 0FE5                                  postdec2 0FDD  
                                postinc0 0FEE                                  postinc2 0FDE  
                    _lcd_4bit_initialize 12FE            gpio_pin_intialize@_pin_config 0037  
   __end_of_gpio_pin_direction_intialize 1138             _gpio_pin_direction_intialize 1012  
                   ?_lcd_4bit_initialize 003A                       relay_turn_on@F2890 003E  
                          __pidataCOMRAM 138C                      start_initialization 1356  
                    _lcd_8bit_initialize 12A6            ?_gpio_pin_direction_intialize 002F  
                  ??_lcd_4bit_initialize 003B                     ?_lcd_8bit_initialize 003A  
                            __pbssCOMRAM 003D          gpio_pin_direction_intialize@ret 0035  
                  ??_lcd_8bit_initialize 003B                    _application_intialize 13BA  
        gpio_pin_write_logic@_pin_config 002F                gpio_pin_write_logic@logic 0030  
                            __smallconst 1000                       _gpio_pin_intialize 1248  
         ??_gpio_pin_direction_intialize 0030                      ?_gpio_pin_intialize 0037  
                   ??_gpio_pin_intialize 0038                  gpio_pin_write_logic@ret 0036  
                              copy_data0 136A                   ?_application_intialize 002F  
                               __Hrparam 0000                                 __Lrparam 0000  
                     __end_of_btn_values 1011                                 isa$xinst 0000  
            __end_of_lcd_4bit_initialize 1356             __end_of_gpio_pin_write_logic 1248  
                         _port_registers 0001              __end_of_lcd_8bit_initialize 12FE  
               lcd_4bit_initialize@_lcd_ 003A                   lcd_4bit_initialize@ret 003B  
